<?xml version="1.0" encoding="UTF-8"?>
<!-- Generated by org.testng.reporters.JUnitReportReporter -->
<testsuite hostname="SGhp" failures="0" tests="2" name="Utility.TestCase_WithUtility" time="1.562" errors="0" timestamp="26 Jan 2020 19:24:07 GMT" skipped="0">
  <testcase classname="Utility.TestCase_WithUtility" name="test1" time="1.033"/>
  <testcase classname="Utility.TestCase_WithUtility" name="test2" time="0.529"/>
</testsuite> <!-- Utility.TestCase_WithUtility -->
